Started by user [8mha:////4Dafb0UfgSpvFgtXEXdNGgm1IvxANvrx0SbXsRrSZ09OAAAAmB+LCAAAAAAAAP9b85aBtbiIQTGjNKU4P08vOT+vOD8nVc83PyU1x6OyILUoJzMv2y+/JJUBAhiZGBgqihhk0NSjKDWzXb3RdlLBUSYGJk8GtpzUvPSSDB8G5tKinBIGIZ+sxLJE/ZzEvHT94JKizLx0a6BxUmjGOUNodHsLgAz+EgYe/dLi1CL94oz8pMQ8AIJoyCbBAAAA[0mShoban Cheekuru
Building in workspace /Users/scheekur/.jenkins/workspace/devops-practice/sample-maven
No credentials specified
Cloning the remote Git repository
Cloning repository https://github.com/shobancs/spring-websample.git
 > git init /Users/scheekur/.jenkins/workspace/devops-practice/sample-maven # timeout=10
Fetching upstream changes from https://github.com/shobancs/spring-websample.git
 > git --version # timeout=10
 > git fetch --tags --progress https://github.com/shobancs/spring-websample.git +refs/heads/*:refs/remotes/origin/* # timeout=10
 > git config remote.origin.url https://github.com/shobancs/spring-websample.git # timeout=10
 > git config --add remote.origin.fetch +refs/heads/*:refs/remotes/origin/* # timeout=10
 > git config remote.origin.url https://github.com/shobancs/spring-websample.git # timeout=10
Fetching upstream changes from https://github.com/shobancs/spring-websample.git
 > git fetch --tags --progress https://github.com/shobancs/spring-websample.git +refs/heads/*:refs/remotes/origin/* # timeout=10
 > git rev-parse refs/remotes/origin/master^{commit} # timeout=10
 > git rev-parse refs/remotes/origin/origin/master^{commit} # timeout=10
Checking out Revision bd322d8b1e7f8c4a3efedb28bad365445d808c88 (refs/remotes/origin/master)
 > git config core.sparsecheckout # timeout=10
 > git checkout -f bd322d8b1e7f8c4a3efedb28bad365445d808c88 # timeout=10
Commit message: "Merge pull request #3 from shobancs/bala_dev"
First time build. Skipping changelog.
ERROR: Processing failed due to a bug in the code. Please report this to the issue tracker (https://jenkins.io/redirect/report-an-issue).
java.lang.IllegalArgumentException: /usr/local/Cellar/maven/3.6.0 doesn't have a 'lib' subdirectory - thus cannot be a valid maven installation!
	at hudson.maven.MavenEmbedderUtils.buildClassRealm(MavenEmbedderUtils.java:89)
	at hudson.maven.MavenEmbedderUtils.getMavenVersion(MavenEmbedderUtils.java:201)
	at hudson.maven.MavenEmbedderUtils.getMavenVersion(MavenEmbedderUtils.java:191)
	at hudson.maven.MavenVersionCallable.call(MavenVersionCallable.java:69)
	at hudson.maven.MavenVersionCallable.call(MavenVersionCallable.java:41)
	at hudson.FilePath.act(FilePath.java:1165)
	at hudson.maven.MavenModuleSetBuild$MavenModuleSetBuildExecution.doRun(MavenModuleSetBuild.java:641)
	at hudson.model.AbstractBuild$AbstractBuildExecution.run(AbstractBuild.java:504)
	at hudson.model.Run.execute(Run.java:1810)
	at hudson.maven.MavenModuleSetBuild.run(MavenModuleSetBuild.java:543)
	at hudson.model.ResourceController.execute(ResourceController.java:97)
	at hudson.model.Executor.run(Executor.java:429)
project=hudson.maven.MavenModuleSet@64fed352[devops-practice/sample-maven]
project.getModules()=[]
project.getRootModule()=null
FATAL: /usr/local/Cellar/maven/3.6.0 doesn't have a 'lib' subdirectory - thus cannot be a valid maven installation!
java.lang.IllegalArgumentException: /usr/local/Cellar/maven/3.6.0 doesn't have a 'lib' subdirectory - thus cannot be a valid maven installation!
	at hudson.maven.MavenEmbedderUtils.buildClassRealm(MavenEmbedderUtils.java:89)
	at hudson.maven.MavenEmbedderUtils.getMavenVersion(MavenEmbedderUtils.java:201)
	at hudson.maven.MavenEmbedderUtils.getMavenVersion(MavenEmbedderUtils.java:191)
	at hudson.maven.MavenVersionCallable.call(MavenVersionCallable.java:69)
	at hudson.maven.MavenVersionCallable.call(MavenVersionCallable.java:41)
	at hudson.FilePath.act(FilePath.java:1165)
	at hudson.maven.MavenModuleSetBuild$MavenModuleSetBuildExecution.doRun(MavenModuleSetBuild.java:641)
	at hudson.model.AbstractBuild$AbstractBuildExecution.run(AbstractBuild.java:504)
	at hudson.model.Run.execute(Run.java:1810)
	at hudson.maven.MavenModuleSetBuild.run(MavenModuleSetBuild.java:543)
	at hudson.model.ResourceController.execute(ResourceController.java:97)
	at hudson.model.Executor.run(Executor.java:429)
Finished: FAILURE
